Added Pin To Net: NetName=+5 Pin=C2-1
Added Pin To Net: NetName=GND Pin=C2-2
Added Pin To Net: NetName=+5 Pin=C3-1
Added Pin To Net: NetName=GND Pin=C3-2
Added Pin To Net: NetName=+5 Pin=P1-1
Added Pin To Net: NetName=NetP1_2 Pin=P1-2
Added Pin To Net: NetName=RW\ Pin=P1-3
Added Pin To Net: NetName=A14 Pin=U1-1
Added Pin To Net: NetName=A12 Pin=U1-2
Added Pin To Net: NetName=A7 Pin=U1-3
Added Pin To Net: NetName=A6 Pin=U1-4
Added Pin To Net: NetName=A5 Pin=U1-5
Added Pin To Net: NetName=A4 Pin=U1-6
Added Pin To Net: NetName=A3 Pin=U1-7
Added Pin To Net: NetName=A2 Pin=U1-8
Added Pin To Net: NetName=A1 Pin=U1-9
Added Pin To Net: NetName=A0 Pin=U1-10
Added Pin To Net: NetName=D0 Pin=U1-11
Added Pin To Net: NetName=D1 Pin=U1-12
Added Pin To Net: NetName=D2 Pin=U1-13
Added Pin To Net: NetName=GND Pin=U1-14
Added Pin To Net: NetName=D3 Pin=U1-15
Added Pin To Net: NetName=D4 Pin=U1-16
Added Pin To Net: NetName=D5 Pin=U1-17
Added Pin To Net: NetName=D6 Pin=U1-18
Added Pin To Net: NetName=D7 Pin=U1-19
Added Pin To Net: NetName=NetU1_20 Pin=U1-20
Added Pin To Net: NetName=A10 Pin=U1-21
Added Pin To Net: NetName=NetU1_22 Pin=U1-22
Added Pin To Net: NetName=A11 Pin=U1-23
Added Pin To Net: NetName=A9 Pin=U1-24
Added Pin To Net: NetName=A8 Pin=U1-25
Added Pin To Net: NetName=A13 Pin=U1-26
Added Pin To Net: NetName=NetP1_2 Pin=U1-27
Added Pin To Net: NetName=+5 Pin=U1-28
Added Pin To Net: NetName=RW\ Pin=U2-1
Added Pin To Net: NetName=NetU1_22 Pin=U2-2
Added Pin To Net: NetName=A15 Pin=U2-3
Added Pin To Net: NetName=NetU1_20 Pin=U2-4
Added Pin To Net: NetName=GND Pin=U2-7
Added Pin To Net: NetName=+5 Pin=U2-14
Added Member To Class: ClassName=CPU Member=Component C2 Cap
Added Member To Class: ClassName=EEPROM Member=Component C3 Cap
Added Member To Class: ClassName=EEPROM Member=Component P1 Header 3
Added Member To Class: ClassName=EEPROM Member=Component U1 AT28C256-15PU
Added Member To Class: ClassName=EEPROM Member=Component U2 SN74HC04N
Added Room: Name=CPU
Added Room: Name=EEPROM
