Removed Pin From Net: NetName=VCC Pin=P1-1
Removed Pin From Net: NetName=RW\ Pin=P1-3
Added Component: Designator=P?(HDR1X12)
Add component (AddParameter): Name = "LatestRevisionDate"; Value = "17-Jul-2002"; VariantName = "[No Variations]"
Add component (AddParameter): Name = "LatestRevisionNote"; Value = "Re-released for DXP Platform."; VariantName = "[No Variations]"
Add component (AddParameter): Name = "Publisher"; Value = "Altium Limited"; VariantName = "[No Variations]"
Added Component: Designator=P?(HDR1X12)
Add component (AddParameter): Name = "LatestRevisionDate"; Value = "17-Jul-2002"; VariantName = "[No Variations]"
Add component (AddParameter): Name = "LatestRevisionNote"; Value = "Re-released for DXP Platform."; VariantName = "[No Variations]"
Add component (AddParameter): Name = "Publisher"; Value = "Altium Limited"; VariantName = "[No Variations]"
Added Component: Designator=P?(HDR1X3)
Add component (AddParameter): Name = "LatestRevisionDate"; Value = "17-Jul-2002"; VariantName = "[No Variations]"
Add component (AddParameter): Name = "LatestRevisionNote"; Value = "Re-released for DXP Platform."; VariantName = "[No Variations]"
Add component (AddParameter): Name = "Publisher"; Value = "Altium Limited"; VariantName = "[No Variations]"
Added Pin To Net: NetName=VCC Pin=P?-1
Added Pin To Net: NetName=VCC Pin=P?-1
Added Pin To Net: NetName=VCC Pin=P?-1
Added Pin To Net: NetName=RW\ Pin=P?-3
Added Pin To Net: NetName=GND Pin=P?-12
Added Pin To Net: NetName=GND Pin=P?-12
Added Pin To Net: NetName=NetP?_2 Pin=P?-2
Added Pin To Net: NetName=NetP?_2 Pin=U1-27
Added Net: Name=NetP?_2
Added Pin To Net: NetName=PIO1C1 Pin=*-40
Added Pin To Net: NetName=PIO1C1 Pin=P?-2
Added Net: Name=PIO1C1
Added Pin To Net: NetName=PIO1C2 Pin=*-39
Added Pin To Net: NetName=PIO1C2 Pin=P?-3
Added Net: Name=PIO1C2
Added Pin To Net: NetName=PIO1D0 Pin=*-2
Added Pin To Net: NetName=PIO1D0 Pin=P?-4
Added Net: Name=PIO1D0
Added Pin To Net: NetName=PIO1D1 Pin=*-3
Added Pin To Net: NetName=PIO1D1 Pin=P?-5
Added Net: Name=PIO1D1
Added Pin To Net: NetName=PIO1D2 Pin=*-4
Added Pin To Net: NetName=PIO1D2 Pin=P?-6
Added Net: Name=PIO1D2
Added Pin To Net: NetName=PIO1D3 Pin=*-5
Added Pin To Net: NetName=PIO1D3 Pin=P?-7
Added Net: Name=PIO1D3
Added Pin To Net: NetName=PIO1D4 Pin=*-6
Added Pin To Net: NetName=PIO1D4 Pin=P?-8
Added Net: Name=PIO1D4
Added Pin To Net: NetName=PIO1D5 Pin=*-7
Added Pin To Net: NetName=PIO1D5 Pin=P?-9
Added Net: Name=PIO1D5
Added Pin To Net: NetName=PIO1D6 Pin=*-8
Added Pin To Net: NetName=PIO1D6 Pin=P?-10
Added Net: Name=PIO1D6
Added Pin To Net: NetName=PIO1D7 Pin=*-9
Added Pin To Net: NetName=PIO1D7 Pin=P?-11
Added Net: Name=PIO1D7
Added Pin To Net: NetName=PIO2C1 Pin=*-18
Added Pin To Net: NetName=PIO2C1 Pin=P?-2
Added Net: Name=PIO2C1
Added Pin To Net: NetName=PIO2C2 Pin=*-19
Added Pin To Net: NetName=PIO2C2 Pin=P?-3
Added Net: Name=PIO2C2
Added Pin To Net: NetName=PIO2D0 Pin=*-10
Added Pin To Net: NetName=PIO2D0 Pin=P?-4
Added Net: Name=PIO2D0
Added Pin To Net: NetName=PIO2D1 Pin=*-11
Added Pin To Net: NetName=PIO2D1 Pin=P?-5
Added Net: Name=PIO2D1
Added Pin To Net: NetName=PIO2D2 Pin=*-12
Added Pin To Net: NetName=PIO2D2 Pin=P?-6
Added Net: Name=PIO2D2
Added Pin To Net: NetName=PIO2D3 Pin=*-13
Added Pin To Net: NetName=PIO2D3 Pin=P?-7
Added Net: Name=PIO2D3
Added Pin To Net: NetName=PIO2D4 Pin=*-14
Added Pin To Net: NetName=PIO2D4 Pin=P?-8
Added Net: Name=PIO2D4
Added Pin To Net: NetName=PIO2D5 Pin=*-15
Added Pin To Net: NetName=PIO2D5 Pin=P?-9
Added Net: Name=PIO2D5
Added Pin To Net: NetName=PIO2D6 Pin=*-16
Added Pin To Net: NetName=PIO2D6 Pin=P?-10
Added Net: Name=PIO2D6
Added Pin To Net: NetName=PIO2D7 Pin=*-17
Added Pin To Net: NetName=PIO2D7 Pin=P?-11
Added Net: Name=PIO2D7
Change Class Name : Old Net Name=CPU New Net Name=Main
Added Member To Class: ClassName=Main Member=Component C3 Cap
Added Member To Class: ClassName=Main Member=Component C4 Cap
Added Member To Class: ClassName=Main Member=Component P? Header 3
Added Member To Class: ClassName=PIO Member=Component P? Header 12
Added Member To Class: ClassName=PIO Member=Component P? Header 12
Added Member To Class: ClassName=Main Member=Component U1 AT28C256-15PU
Added Member To Class: ClassName=Main Member=Component U3 hm62256b
Change Room Name: Old Name=RAM New Name=Main
Change Room Scope: Old Scope=InComponentClass('RAM') New Scope=InComponentClass('Main')
